<?xml version="1.0" encoding="UTF-8"?>
<!-- Generated by org.testng.reporters.JUnitReportReporter -->
<testsuite hostname="DESKTOP-EJHAJJ4" failures="0" tests="2" name="pac1.ContactTest" time="0.005" errors="0" timestamp="2025-09-25T10:56:45 IST" skipped="0">
  <testcase classname="pac1.ContactTest" name="createcontactTest" time="0.005"/>
  <testcase classname="pac1.ContactTest" name="modifycontactTest" time="0.000"/>
</testsuite> <!-- pac1.ContactTest -->
