<?xml version="1.0" encoding="UTF-8"?>
<!-- Generated by org.testng.reporters.JUnitReportReporter -->
<testsuite hostname="DESKTOP-EJHAJJ4" failures="0" tests="2" name="pac1.ContactTest" time="0.006" errors="0" timestamp="2025-09-26T17:43:57 IST" skipped="0">
  <testcase classname="pac1.ContactTest" name="modifyContactTest" time="0.000"/>
  <testcase classname="pac1.ContactTest" name="createContactTest" time="0.006"/>
</testsuite> <!-- pac1.ContactTest -->
