<?xml version="1.0" encoding="UTF-8"?>
<!-- Generated by org.testng.reporters.JUnitReportReporter -->
<testsuite hostname="DESKTOP-EJHAJJ4" failures="0" tests="2" name="pac2.OrgTest" time="0.001" errors="0" timestamp="2025-09-25T10:56:18 IST" skipped="0">
  <testcase classname="pac2.OrgTest" name="createorgTest" time="0.000"/>
  <testcase classname="pac2.OrgTest" name="modifyorgTest" time="0.001"/>
</testsuite> <!-- pac2.OrgTest -->
