<?xml version="1.0" encoding="UTF-8"?>
<!-- Generated by org.testng.reporters.JUnitReportReporter -->
<testsuite hostname="DESKTOP-EJHAJJ4" failures="0" tests="2" name="pac2.OrgTest" time="0.001" errors="0" timestamp="2025-09-26T17:43:57 IST" skipped="0">
  <testcase classname="pac2.OrgTest" name="createOrgTest" time="0.000"/>
  <testcase classname="pac2.OrgTest" name="modifyOrgTest" time="0.001"/>
</testsuite> <!-- pac2.OrgTest -->
